Model Technology ModelSim PE Student Edition vlog 10.4a Compiler 2015.03 Apr  7 2015
Start time: 16:24:05 on May 08,2020
vlog ../p6.v 
-- Compiling module top
-- Compiling module memory_controller_0
-- Compiling module memory_controller_1
-- Compiling module main
-- Compiling module ram_dual_port
-- Compiling module rom_dual_port
-- Compiling module main_tb

Top level modules:
	main_tb
End time: 16:24:06 on May 08,2020, Elapsed time: 0:00:01
Errors: 0, Warnings: 0
Reading C:/Modeltech_pe_edu_10.4a/tcl/vsim/pref.tcl

# 10.4a

# source sim_library.tcl
# Model Technology ModelSim PE vmap 10.4a Lib Mapping Utility 2015.03 Apr  7 2015
# vmap -modelsim_quiet legup_fp C:\LegUp-7.5\legup/ip/libs/legup_fp/legup_fp 
# Modifying modelsim.ini
#  exit
Reading C:/Modeltech_pe_edu_10.4a/tcl/vsim/pref.tcl

# 10.4a

# //  ModelSim PE Student Edition 10.4a Apr  7 2015 
# //
# //  Copyright 1991-2015 Mentor Graphics Corporation
# //  All Rights Reserved.
# //
# //  THIS WORK CONTAINS TRADE SECRET AND PROPRIETARY INFORMATION
# //  WHICH IS THE PROPERTY OF MENTOR GRAPHICS CORPORATION OR ITS
# //  LICENSORS AND IS SUBJECT TO LICENSE TERMS.
# //  THIS DOCUMENT CONTAINS TRADE SECRETS AND COMMERCIAL OR FINANCIAL
# //  INFORMATION THAT ARE PRIVILEGED, CONFIDENTIAL, AND EXEMPT FROM
# //  DISCLOSURE UNDER THE FREEDOM OF INFORMATION ACT, 5 U.S.C. SECTION 552.
# //  FURTHERMORE, THIS INFORMATION IS PROHIBITED FROM DISCLOSURE UNDER
# //  THE TRADE SECRETS ACT, 18 U.S.C. SECTION 1905.
# //
# // NOT FOR CORPORATE OR PRODUCTION USE.
# // THE ModelSim PE Student Edition IS NOT A SUPPORTED PRODUCT.
# // FOR HIGHER EDUCATION PURPOSES ONLY
# //
# vsim "+nowarn8607" -suppress 8607 -suppress 2249 -suppress 2685 -suppress 2718 -suppress 3017 -suppress 3722 -c -do "set StdArithNoWarnings 1; run 1000000000000000ns; exit;" work.main_tb -L altera_ver -L lpm_ver -L sgate_ver -L altera_lnsim_ver -L altera_mf_ver -L altera_mf -L altera_lnsim -L altfp -L legup_fp -L twentynm -L generic 
# Start time: 16:24:13 on May 08,2020
# Loading work.main_tb
# Loading work.top
# Loading work.main
# Loading lpm_ver.lpm_divide
# Loading lpm_ver.LPM_HINT_EVALUATION
# Loading work.ram_dual_port
# Loading altera_mf_ver.altsyncram
# Loading work.memory_controller_1
# Loading work.rom_dual_port
# Loading altera_mf_ver.ALTERA_MF_MEMORY_INITIALIZATION
# Loading work.memory_controller_0
# Loading altera_mf_ver.altera_syncram_derived
# ** Warning: Design size of 10336 statements or 43 leaf instances exceeds ModelSim PE Student Edition recommended capacity.
# Expect performance to be quite adversely affected.
# set StdArithNoWarnings 1
# 1
#  run 1000000000000000ns
# Warning : Address pointed at port B is out of bound!
# Time: 12050000  Instance: main_tb.top_inst.main_inst.main_entry_vla4705.altsyncram_component.m_arria10.altera_syncram_inst
# Warning : Address pointed at port B is out of bound!
# Time: 12050000  Instance: main_tb.top_inst.main_inst.main_entry_vla4705.altsyncram_component.m_arria10.altera_syncram_inst
# Warning : Address pointed at port B is out of bound!
# Time: 16050000  Instance: main_tb.top_inst.main_inst.main_entry_vla4705.altsyncram_component.m_arria10.altera_syncram_inst
# Warning : Address pointed at port B is out of bound!
# Time: 16050000  Instance: main_tb.top_inst.main_inst.main_entry_vla4705.altsyncram_component.m_arria10.altera_syncram_inst
# Warning : Address pointed at port B is out of bound!
# Time: 18850000  Instance: main_tb.top_inst.main_inst.main_entry_vla4705.altsyncram_component.m_arria10.altera_syncram_inst
# Warning : Address pointed at port B is out of bound!
# Time: 18850000  Instance: main_tb.top_inst.main_inst.main_entry_vla4705.altsyncram_component.m_arria10.altera_syncram_inst
# Warning : Address pointed at port B is out of bound!
# Time: 19770000  Instance: main_tb.top_inst.main_inst.main_entry_vla4705.altsyncram_component.m_arria10.altera_syncram_inst
# Warning : Address pointed at port B is out of bound!
# Time: 19770000  Instance: main_tb.top_inst.main_inst.main_entry_vla4705.altsyncram_component.m_arria10.altera_syncram_inst
# Warning : Address pointed at port B is out of bound!
# Time: 28050000  Instance: main_tb.top_inst.main_inst.main_entry_vla4705.altsyncram_component.m_arria10.altera_syncram_inst
# Warning : Address pointed at port B is out of bound!
# Time: 28050000  Instance: main_tb.top_inst.main_inst.main_entry_vla4705.altsyncram_component.m_arria10.altera_syncram_inst
# Warning : Address pointed at port B is out of bound!
# Time: 32050000  Instance: main_tb.top_inst.main_inst.main_entry_vla4705.altsyncram_component.m_arria10.altera_syncram_inst
# Warning : Address pointed at port B is out of bound!
# Time: 32050000  Instance: main_tb.top_inst.main_inst.main_entry_vla4705.altsyncram_component.m_arria10.altera_syncram_inst
# Warning : Address pointed at port B is out of bound!
# Time: 34850000  Instance: main_tb.top_inst.main_inst.main_entry_vla4705.altsyncram_component.m_arria10.altera_syncram_inst
# Warning : Address pointed at port B is out of bound!
# Time: 34850000  Instance: main_tb.top_inst.main_inst.main_entry_vla4705.altsyncram_component.m_arria10.altera_syncram_inst
# Warning : Address pointed at port B is out of bound!
# Time: 35770000  Instance: main_tb.top_inst.main_inst.main_entry_vla4705.altsyncram_component.m_arria10.altera_syncram_inst
# Warning : Address pointed at port B is out of bound!
# Time: 35770000  Instance: main_tb.top_inst.main_inst.main_entry_vla4705.altsyncram_component.m_arria10.altera_syncram_inst
# Warning : Address pointed at port B is out of bound!
# Time: 38570000  Instance: main_tb.top_inst.main_inst.main_entry_vla4705.altsyncram_component.m_arria10.altera_syncram_inst
# Warning : Address pointed at port B is out of bound!
# Time: 38570000  Instance: main_tb.top_inst.main_inst.main_entry_vla4705.altsyncram_component.m_arria10.altera_syncram_inst
# Warning : Address pointed at port B is out of bound!
# Time: 41630000  Instance: main_tb.top_inst.main_inst.main_entry_vla4705.altsyncram_component.m_arria10.altera_syncram_inst
# Warning : Address pointed at port B is out of bound!
# Time: 41630000  Instance: main_tb.top_inst.main_inst.main_entry_vla4705.altsyncram_component.m_arria10.altera_syncram_inst
# Warning : Address pointed at port B is out of bound!
# Time: 51770000  Instance: main_tb.top_inst.main_inst.main_entry_vla4705.altsyncram_component.m_arria10.altera_syncram_inst
# Warning : Address pointed at port B is out of bound!
# Time: 51770000  Instance: main_tb.top_inst.main_inst.main_entry_vla4705.altsyncram_component.m_arria10.altera_syncram_inst
# Warning : Address pointed at port B is out of bound!
# Time: 54570000  Instance: main_tb.top_inst.main_inst.main_entry_vla4705.altsyncram_component.m_arria10.altera_syncram_inst
# Warning : Address pointed at port B is out of bound!
# Time: 54570000  Instance: main_tb.top_inst.main_inst.main_entry_vla4705.altsyncram_component.m_arria10.altera_syncram_inst
# Warning : Address pointed at port B is out of bound!
# Time: 55490000  Instance: main_tb.top_inst.main_inst.main_entry_vla4705.altsyncram_component.m_arria10.altera_syncram_inst
# Warning : Address pointed at port B is out of bound!
# Time: 55490000  Instance: main_tb.top_inst.main_inst.main_entry_vla4705.altsyncram_component.m_arria10.altera_syncram_inst
# Warning : Address pointed at port B is out of bound!
# Time: 63770000  Instance: main_tb.top_inst.main_inst.main_entry_vla4705.altsyncram_component.m_arria10.altera_syncram_inst
# Warning : Address pointed at port B is out of bound!
# Time: 63770000  Instance: main_tb.top_inst.main_inst.main_entry_vla4705.altsyncram_component.m_arria10.altera_syncram_inst
# Warning : Address pointed at port B is out of bound!
# Time: 67770000  Instance: main_tb.top_inst.main_inst.main_entry_vla4705.altsyncram_component.m_arria10.altera_syncram_inst
# Warning : Address pointed at port B is out of bound!
# Time: 67770000  Instance: main_tb.top_inst.main_inst.main_entry_vla4705.altsyncram_component.m_arria10.altera_syncram_inst
# Warning : Address pointed at port B is out of bound!
# Time: 70570000  Instance: main_tb.top_inst.main_inst.main_entry_vla4705.altsyncram_component.m_arria10.altera_syncram_inst
# Warning : Address pointed at port B is out of bound!
# Time: 70570000  Instance: main_tb.top_inst.main_inst.main_entry_vla4705.altsyncram_component.m_arria10.altera_syncram_inst
# Warning : Address pointed at port B is out of bound!
# Time: 71490000  Instance: main_tb.top_inst.main_inst.main_entry_vla4705.altsyncram_component.m_arria10.altera_syncram_inst
# Warning : Address pointed at port B is out of bound!
# Time: 71490000  Instance: main_tb.top_inst.main_inst.main_entry_vla4705.altsyncram_component.m_arria10.altera_syncram_inst
# Warning : Address pointed at port B is out of bound!
# Time: 74290000  Instance: main_tb.top_inst.main_inst.main_entry_vla4705.altsyncram_component.m_arria10.altera_syncram_inst
# Warning : Address pointed at port B is out of bound!
# Time: 74290000  Instance: main_tb.top_inst.main_inst.main_entry_vla4705.altsyncram_component.m_arria10.altera_syncram_inst
# Warning : Address pointed at port B is out of bound!
# Time: 263890000  Instance: main_tb.top_inst.main_inst.main_entry_vla4705.altsyncram_component.m_arria10.altera_syncram_inst
# Warning : Address pointed at port B is out of bound!
# Time: 263890000  Instance: main_tb.top_inst.main_inst.main_entry_vla4705.altsyncram_component.m_arria10.altera_syncram_inst
# Warning : Address pointed at port B is out of bound!
# Time: 271330000  Instance: main_tb.top_inst.main_inst.main_entry_vla4705.altsyncram_component.m_arria10.altera_syncram_inst
# Warning : Address pointed at port B is out of bound!
# Time: 271330000  Instance: main_tb.top_inst.main_inst.main_entry_vla4705.altsyncram_component.m_arria10.altera_syncram_inst
# Warning : Address pointed at port B is out of bound!
# Time: 288050000  Instance: main_tb.top_inst.main_inst.main_entry_vla4705.altsyncram_component.m_arria10.altera_syncram_inst
# Warning : Address pointed at port B is out of bound!
# Time: 288050000  Instance: main_tb.top_inst.main_inst.main_entry_vla4705.altsyncram_component.m_arria10.altera_syncram_inst
# Warning : Address pointed at port B is out of bound!
# Time: 298010000  Instance: main_tb.top_inst.main_inst.main_entry_vla4705.altsyncram_component.m_arria10.altera_syncram_inst
# Warning : Address pointed at port B is out of bound!
# Time: 298010000  Instance: main_tb.top_inst.main_inst.main_entry_vla4705.altsyncram_component.m_arria10.altera_syncram_inst
# Warning : Address pointed at port B is out of bound!
# Time: 299850000  Instance: main_tb.top_inst.main_inst.main_entry_vla4705.altsyncram_component.m_arria10.altera_syncram_inst
# Warning : Address pointed at port B is out of bound!
# Time: 299850000  Instance: main_tb.top_inst.main_inst.main_entry_vla4705.altsyncram_component.m_arria10.altera_syncram_inst
# Warning : Address pointed at port B is out of bound!
# Time: 307290000  Instance: main_tb.top_inst.main_inst.main_entry_vla4705.altsyncram_component.m_arria10.altera_syncram_inst
# Warning : Address pointed at port B is out of bound!
# Time: 307290000  Instance: main_tb.top_inst.main_inst.main_entry_vla4705.altsyncram_component.m_arria10.altera_syncram_inst
# Warning : Address pointed at port B is out of bound!
# Time: 319390000  Instance: main_tb.top_inst.main_inst.main_entry_vla4705.altsyncram_component.m_arria10.altera_syncram_inst
# Warning : Address pointed at port B is out of bound!
# Time: 319390000  Instance: main_tb.top_inst.main_inst.main_entry_vla4705.altsyncram_component.m_arria10.altera_syncram_inst
# Warning : Address pointed at port B is out of bound!
# Time: 334270000  Instance: main_tb.top_inst.main_inst.main_entry_vla4705.altsyncram_component.m_arria10.altera_syncram_inst
# Warning : Address pointed at port B is out of bound!
# Time: 334270000  Instance: main_tb.top_inst.main_inst.main_entry_vla4705.altsyncram_component.m_arria10.altera_syncram_inst
# Warning : Address pointed at port B is out of bound!
# Time: 350090000  Instance: main_tb.top_inst.main_inst.main_entry_vla4705.altsyncram_component.m_arria10.altera_syncram_inst
# Warning : Address pointed at port B is out of bound!
# Time: 350090000  Instance: main_tb.top_inst.main_inst.main_entry_vla4705.altsyncram_component.m_arria10.altera_syncram_inst
# Warning : Address pointed at port B is out of bound!
# Time: 352870000  Instance: main_tb.top_inst.main_inst.main_entry_vla4705.altsyncram_component.m_arria10.altera_syncram_inst
# Warning : Address pointed at port B is out of bound!
# Time: 352870000  Instance: main_tb.top_inst.main_inst.main_entry_vla4705.altsyncram_component.m_arria10.altera_syncram_inst
# No solution
# At t=           353910000 clk=1 finish=1 return_val=         0
# Cycles:                17693
# ** Note: $finish    : ../p6.v(11375)
#    Time: 353910 ns  Iteration: 1  Instance: /main_tb
# End time: 16:30:56 on May 08,2020, Elapsed time: 0:06:43
# Errors: 0, Warnings: 1
