Model Technology ModelSim PE Student Edition vlog 10.4a Compiler 2015.03 Apr  7 2015
Start time: 16:35:09 on May 08,2020
vlog ../p8.v 
-- Compiling module top
-- Compiling module memory_controller_0
-- Compiling module memory_controller_1
-- Compiling module main
-- Compiling module ram_dual_port
-- Compiling module rom_dual_port
-- Compiling module main_tb

Top level modules:
	main_tb
End time: 16:35:09 on May 08,2020, Elapsed time: 0:00:00
Errors: 0, Warnings: 0
Reading C:/Modeltech_pe_edu_10.4a/tcl/vsim/pref.tcl

# 10.4a

# source sim_library.tcl
# Model Technology ModelSim PE vmap 10.4a Lib Mapping Utility 2015.03 Apr  7 2015
# vmap -modelsim_quiet legup_fp C:\LegUp-7.5\legup/ip/libs/legup_fp/legup_fp 
# Modifying modelsim.ini
#  exit
Reading C:/Modeltech_pe_edu_10.4a/tcl/vsim/pref.tcl

# 10.4a

# //  ModelSim PE Student Edition 10.4a Apr  7 2015 
# //
# //  Copyright 1991-2015 Mentor Graphics Corporation
# //  All Rights Reserved.
# //
# //  THIS WORK CONTAINS TRADE SECRET AND PROPRIETARY INFORMATION
# //  WHICH IS THE PROPERTY OF MENTOR GRAPHICS CORPORATION OR ITS
# //  LICENSORS AND IS SUBJECT TO LICENSE TERMS.
# //  THIS DOCUMENT CONTAINS TRADE SECRETS AND COMMERCIAL OR FINANCIAL
# //  INFORMATION THAT ARE PRIVILEGED, CONFIDENTIAL, AND EXEMPT FROM
# //  DISCLOSURE UNDER THE FREEDOM OF INFORMATION ACT, 5 U.S.C. SECTION 552.
# //  FURTHERMORE, THIS INFORMATION IS PROHIBITED FROM DISCLOSURE UNDER
# //  THE TRADE SECRETS ACT, 18 U.S.C. SECTION 1905.
# //
# // NOT FOR CORPORATE OR PRODUCTION USE.
# // THE ModelSim PE Student Edition IS NOT A SUPPORTED PRODUCT.
# // FOR HIGHER EDUCATION PURPOSES ONLY
# //
# vsim "+nowarn8607" -suppress 8607 -suppress 2249 -suppress 2685 -suppress 2718 -suppress 3017 -suppress 3722 -c -do "set StdArithNoWarnings 1; run 1000000000000000ns; exit;" work.main_tb -L altera_ver -L lpm_ver -L sgate_ver -L altera_lnsim_ver -L altera_mf_ver -L altera_mf -L altera_lnsim -L altfp -L legup_fp -L twentynm -L generic 
# Start time: 16:35:16 on May 08,2020
# Loading work.main_tb
# Loading work.top
# Loading work.main
# Loading lpm_ver.lpm_divide
# Loading lpm_ver.LPM_HINT_EVALUATION
# Loading work.ram_dual_port
# Loading altera_mf_ver.altsyncram
# Loading work.memory_controller_1
# Loading work.rom_dual_port
# Loading altera_mf_ver.ALTERA_MF_MEMORY_INITIALIZATION
# Loading work.memory_controller_0
# Loading altera_mf_ver.altera_syncram_derived
# set StdArithNoWarnings 1
# 1
#  run 1000000000000000ns
# Warning : Address pointed at port B is out of bound!
# Time: 88850000  Instance: main_tb.top_inst.main_inst.main_entry_vla4621.altsyncram_component.m_arria10.altera_syncram_inst
# Warning : Address pointed at port B is out of bound!
# Time: 88850000  Instance: main_tb.top_inst.main_inst.main_entry_vla4621.altsyncram_component.m_arria10.altera_syncram_inst
# Warning : Address pointed at port B is out of bound!
# Time: 92850000  Instance: main_tb.top_inst.main_inst.main_entry_vla4621.altsyncram_component.m_arria10.altera_syncram_inst
# Warning : Address pointed at port B is out of bound!
# Time: 92850000  Instance: main_tb.top_inst.main_inst.main_entry_vla4621.altsyncram_component.m_arria10.altera_syncram_inst
# Warning : Address pointed at port B is out of bound!
# Time: 128950000  Instance: main_tb.top_inst.main_inst.main_entry_vla4621.altsyncram_component.m_arria10.altera_syncram_inst
# Warning : Address pointed at port B is out of bound!
# Time: 128950000  Instance: main_tb.top_inst.main_inst.main_entry_vla4621.altsyncram_component.m_arria10.altera_syncram_inst
# Warning : Address pointed at port B is out of bound!
# Time: 131730000  Instance: main_tb.top_inst.main_inst.main_entry_vla4621.altsyncram_component.m_arria10.altera_syncram_inst
# Warning : Address pointed at port B is out of bound!
# Time: 131730000  Instance: main_tb.top_inst.main_inst.main_entry_vla4621.altsyncram_component.m_arria10.altera_syncram_inst
# Warning : Address pointed at port B is out of bound!
# Time: 132670000  Instance: main_tb.top_inst.main_inst.main_entry_vla4621.altsyncram_component.m_arria10.altera_syncram_inst
# Warning : Address pointed at port B is out of bound!
# Time: 132670000  Instance: main_tb.top_inst.main_inst.main_entry_vla4621.altsyncram_component.m_arria10.altera_syncram_inst
# Warning : Address pointed at port B is out of bound!
# Time: 147450000  Instance: main_tb.top_inst.main_inst.main_entry_vla4621.altsyncram_component.m_arria10.altera_syncram_inst
# Warning : Address pointed at port B is out of bound!
# Time: 147450000  Instance: main_tb.top_inst.main_inst.main_entry_vla4621.altsyncram_component.m_arria10.altera_syncram_inst
# Warning : Address pointed at port B is out of bound!
# Time: 150250000  Instance: main_tb.top_inst.main_inst.main_entry_vla4621.altsyncram_component.m_arria10.altera_syncram_inst
# Warning : Address pointed at port B is out of bound!
# Time: 150250000  Instance: main_tb.top_inst.main_inst.main_entry_vla4621.altsyncram_component.m_arria10.altera_syncram_inst
# Warning : Address pointed at port B is out of bound!
# Time: 153970000  Instance: main_tb.top_inst.main_inst.main_entry_vla4621.altsyncram_component.m_arria10.altera_syncram_inst
# Warning : Address pointed at port B is out of bound!
# Time: 153970000  Instance: main_tb.top_inst.main_inst.main_entry_vla4621.altsyncram_component.m_arria10.altera_syncram_inst
# Warning : Address pointed at port B is out of bound!
# Time: 157690000  Instance: main_tb.top_inst.main_inst.main_entry_vla4621.altsyncram_component.m_arria10.altera_syncram_inst
# Warning : Address pointed at port B is out of bound!
# Time: 157690000  Instance: main_tb.top_inst.main_inst.main_entry_vla4621.altsyncram_component.m_arria10.altera_syncram_inst
# Warning : Address pointed at port B is out of bound!
# Time: 158610000  Instance: main_tb.top_inst.main_inst.main_entry_vla4621.altsyncram_component.m_arria10.altera_syncram_inst
# Warning : Address pointed at port B is out of bound!
# Time: 158610000  Instance: main_tb.top_inst.main_inst.main_entry_vla4621.altsyncram_component.m_arria10.altera_syncram_inst
# Warning : Address pointed at port B is out of bound!
# Time: 161410000  Instance: main_tb.top_inst.main_inst.main_entry_vla4621.altsyncram_component.m_arria10.altera_syncram_inst
# Warning : Address pointed at port B is out of bound!
# Time: 161410000  Instance: main_tb.top_inst.main_inst.main_entry_vla4621.altsyncram_component.m_arria10.altera_syncram_inst
# Warning : Address pointed at port B is out of bound!
# Time: 167630000  Instance: main_tb.top_inst.main_inst.main_entry_vla4621.altsyncram_component.m_arria10.altera_syncram_inst
# Warning : Address pointed at port B is out of bound!
# Time: 167630000  Instance: main_tb.top_inst.main_inst.main_entry_vla4621.altsyncram_component.m_arria10.altera_syncram_inst
# Warning : Address pointed at port B is out of bound!
# Time: 170410000  Instance: main_tb.top_inst.main_inst.main_entry_vla4621.altsyncram_component.m_arria10.altera_syncram_inst
# Warning : Address pointed at port B is out of bound!
# Time: 170410000  Instance: main_tb.top_inst.main_inst.main_entry_vla4621.altsyncram_component.m_arria10.altera_syncram_inst
# Warning : Address pointed at port B is out of bound!
# Time: 171350000  Instance: main_tb.top_inst.main_inst.main_entry_vla4621.altsyncram_component.m_arria10.altera_syncram_inst
# Warning : Address pointed at port B is out of bound!
# Time: 171350000  Instance: main_tb.top_inst.main_inst.main_entry_vla4621.altsyncram_component.m_arria10.altera_syncram_inst
# Warning : Address pointed at port B is out of bound!
# Time: 174130000  Instance: main_tb.top_inst.main_inst.main_entry_vla4621.altsyncram_component.m_arria10.altera_syncram_inst
# Warning : Address pointed at port B is out of bound!
# Time: 174130000  Instance: main_tb.top_inst.main_inst.main_entry_vla4621.altsyncram_component.m_arria10.altera_syncram_inst
# Warning : Address pointed at port B is out of bound!
# Time: 177850000  Instance: main_tb.top_inst.main_inst.main_entry_vla4621.altsyncram_component.m_arria10.altera_syncram_inst
# Warning : Address pointed at port B is out of bound!
# Time: 177850000  Instance: main_tb.top_inst.main_inst.main_entry_vla4621.altsyncram_component.m_arria10.altera_syncram_inst
# Warning : Address pointed at port B is out of bound!
# Time: 178790000  Instance: main_tb.top_inst.main_inst.main_entry_vla4621.altsyncram_component.m_arria10.altera_syncram_inst
# Warning : Address pointed at port B is out of bound!
# Time: 178790000  Instance: main_tb.top_inst.main_inst.main_entry_vla4621.altsyncram_component.m_arria10.altera_syncram_inst
# Warning : Address pointed at port B is out of bound!
# Time: 269250000  Instance: main_tb.top_inst.main_inst.main_entry_vla4621.altsyncram_component.m_arria10.altera_syncram_inst
# Warning : Address pointed at port B is out of bound!
# Time: 269250000  Instance: main_tb.top_inst.main_inst.main_entry_vla4621.altsyncram_component.m_arria10.altera_syncram_inst
# Warning : Address pointed at port B is out of bound!
# Time: 314770000  Instance: main_tb.top_inst.main_inst.main_entry_vla4621.altsyncram_component.m_arria10.altera_syncram_inst
# Warning : Address pointed at port B is out of bound!
# Time: 314770000  Instance: main_tb.top_inst.main_inst.main_entry_vla4621.altsyncram_component.m_arria10.altera_syncram_inst
# Warning : Address pointed at port B is out of bound!
# Time: 333090000  Instance: main_tb.top_inst.main_inst.main_entry_vla4621.altsyncram_component.m_arria10.altera_syncram_inst
# Warning : Address pointed at port B is out of bound!
# Time: 333090000  Instance: main_tb.top_inst.main_inst.main_entry_vla4621.altsyncram_component.m_arria10.altera_syncram_inst
# Warning : Address pointed at port B is out of bound!
# Time: 334010000  Instance: main_tb.top_inst.main_inst.main_entry_vla4621.altsyncram_component.m_arria10.altera_syncram_inst
# Warning : Address pointed at port B is out of bound!
# Time: 334010000  Instance: main_tb.top_inst.main_inst.main_entry_vla4621.altsyncram_component.m_arria10.altera_syncram_inst
# Warning : Address pointed at port B is out of bound!
# Time: 336810000  Instance: main_tb.top_inst.main_inst.main_entry_vla4621.altsyncram_component.m_arria10.altera_syncram_inst
# Warning : Address pointed at port B is out of bound!
# Time: 336810000  Instance: main_tb.top_inst.main_inst.main_entry_vla4621.altsyncram_component.m_arria10.altera_syncram_inst
# Warning : Address pointed at port B is out of bound!
# Time: 337730000  Instance: main_tb.top_inst.main_inst.main_entry_vla4621.altsyncram_component.m_arria10.altera_syncram_inst
# Warning : Address pointed at port B is out of bound!
# Time: 337730000  Instance: main_tb.top_inst.main_inst.main_entry_vla4621.altsyncram_component.m_arria10.altera_syncram_inst
# Warning : Address pointed at port B is out of bound!
# Time: 342650000  Instance: main_tb.top_inst.main_inst.main_entry_vla4621.altsyncram_component.m_arria10.altera_syncram_inst
# Warning : Address pointed at port B is out of bound!
# Time: 342650000  Instance: main_tb.top_inst.main_inst.main_entry_vla4621.altsyncram_component.m_arria10.altera_syncram_inst
# Warning : Address pointed at port B is out of bound!
# Time: 346370000  Instance: main_tb.top_inst.main_inst.main_entry_vla4621.altsyncram_component.m_arria10.altera_syncram_inst
# Warning : Address pointed at port B is out of bound!
# Time: 346370000  Instance: main_tb.top_inst.main_inst.main_entry_vla4621.altsyncram_component.m_arria10.altera_syncram_inst
# Warning : Address pointed at port B is out of bound!
# Time: 347310000  Instance: main_tb.top_inst.main_inst.main_entry_vla4621.altsyncram_component.m_arria10.altera_syncram_inst
# Warning : Address pointed at port B is out of bound!
# Time: 347310000  Instance: main_tb.top_inst.main_inst.main_entry_vla4621.altsyncram_component.m_arria10.altera_syncram_inst
# Warning : Address pointed at port B is out of bound!
# Time: 350090000  Instance: main_tb.top_inst.main_inst.main_entry_vla4621.altsyncram_component.m_arria10.altera_syncram_inst
# Warning : Address pointed at port B is out of bound!
# Time: 350090000  Instance: main_tb.top_inst.main_inst.main_entry_vla4621.altsyncram_component.m_arria10.altera_syncram_inst
# Warning : Address pointed at port B is out of bound!
# Time: 353810000  Instance: main_tb.top_inst.main_inst.main_entry_vla4621.altsyncram_component.m_arria10.altera_syncram_inst
# Warning : Address pointed at port B is out of bound!
# Time: 353810000  Instance: main_tb.top_inst.main_inst.main_entry_vla4621.altsyncram_component.m_arria10.altera_syncram_inst
# Warning : Address pointed at port B is out of bound!
# Time: 354750000  Instance: main_tb.top_inst.main_inst.main_entry_vla4621.altsyncram_component.m_arria10.altera_syncram_inst
# Warning : Address pointed at port B is out of bound!
# Time: 354750000  Instance: main_tb.top_inst.main_inst.main_entry_vla4621.altsyncram_component.m_arria10.altera_syncram_inst
# Warning : Address pointed at port B is out of bound!
# Time: 357530000  Instance: main_tb.top_inst.main_inst.main_entry_vla4621.altsyncram_component.m_arria10.altera_syncram_inst
# Warning : Address pointed at port B is out of bound!
# Time: 357530000  Instance: main_tb.top_inst.main_inst.main_entry_vla4621.altsyncram_component.m_arria10.altera_syncram_inst
# Warning : Address pointed at port B is out of bound!
# Time: 358470000  Instance: main_tb.top_inst.main_inst.main_entry_vla4621.altsyncram_component.m_arria10.altera_syncram_inst
# Warning : Address pointed at port B is out of bound!
# Time: 358470000  Instance: main_tb.top_inst.main_inst.main_entry_vla4621.altsyncram_component.m_arria10.altera_syncram_inst
# Warning : Address pointed at port B is out of bound!
# Time: 362830000  Instance: main_tb.top_inst.main_inst.main_entry_vla4621.altsyncram_component.m_arria10.altera_syncram_inst
# Warning : Address pointed at port B is out of bound!
# Time: 362830000  Instance: main_tb.top_inst.main_inst.main_entry_vla4621.altsyncram_component.m_arria10.altera_syncram_inst
# Warning : Address pointed at port B is out of bound!
# Time: 366550000  Instance: main_tb.top_inst.main_inst.main_entry_vla4621.altsyncram_component.m_arria10.altera_syncram_inst
# Warning : Address pointed at port B is out of bound!
# Time: 366550000  Instance: main_tb.top_inst.main_inst.main_entry_vla4621.altsyncram_component.m_arria10.altera_syncram_inst
# Warning : Address pointed at port B is out of bound!
# Time: 367490000  Instance: main_tb.top_inst.main_inst.main_entry_vla4621.altsyncram_component.m_arria10.altera_syncram_inst
# Warning : Address pointed at port B is out of bound!
# Time: 367490000  Instance: main_tb.top_inst.main_inst.main_entry_vla4621.altsyncram_component.m_arria10.altera_syncram_inst
# Warning : Address pointed at port B is out of bound!
# Time: 370270000  Instance: main_tb.top_inst.main_inst.main_entry_vla4621.altsyncram_component.m_arria10.altera_syncram_inst
# Warning : Address pointed at port B is out of bound!
# Time: 370270000  Instance: main_tb.top_inst.main_inst.main_entry_vla4621.altsyncram_component.m_arria10.altera_syncram_inst
# Warning : Address pointed at port B is out of bound!
# Time: 373990000  Instance: main_tb.top_inst.main_inst.main_entry_vla4621.altsyncram_component.m_arria10.altera_syncram_inst
# Warning : Address pointed at port B is out of bound!
# Time: 373990000  Instance: main_tb.top_inst.main_inst.main_entry_vla4621.altsyncram_component.m_arria10.altera_syncram_inst
# Warning : Address pointed at port B is out of bound!
# Time: 374930000  Instance: main_tb.top_inst.main_inst.main_entry_vla4621.altsyncram_component.m_arria10.altera_syncram_inst
# Warning : Address pointed at port B is out of bound!
# Time: 374930000  Instance: main_tb.top_inst.main_inst.main_entry_vla4621.altsyncram_component.m_arria10.altera_syncram_inst
# Warning : Address pointed at port B is out of bound!
# Time: 377710000  Instance: main_tb.top_inst.main_inst.main_entry_vla4621.altsyncram_component.m_arria10.altera_syncram_inst
# Warning : Address pointed at port B is out of bound!
# Time: 377710000  Instance: main_tb.top_inst.main_inst.main_entry_vla4621.altsyncram_component.m_arria10.altera_syncram_inst
# Warning : Address pointed at port B is out of bound!
# Time: 378650000  Instance: main_tb.top_inst.main_inst.main_entry_vla4621.altsyncram_component.m_arria10.altera_syncram_inst
# Warning : Address pointed at port B is out of bound!
# Time: 378650000  Instance: main_tb.top_inst.main_inst.main_entry_vla4621.altsyncram_component.m_arria10.altera_syncram_inst
# Warning : Address pointed at port B is out of bound!
# Time: 381430000  Instance: main_tb.top_inst.main_inst.main_entry_vla4621.altsyncram_component.m_arria10.altera_syncram_inst
# Warning : Address pointed at port B is out of bound!
# Time: 381430000  Instance: main_tb.top_inst.main_inst.main_entry_vla4621.altsyncram_component.m_arria10.altera_syncram_inst
# Warning : Address pointed at port B is out of bound!
# Time: 385150000  Instance: main_tb.top_inst.main_inst.main_entry_vla4621.altsyncram_component.m_arria10.altera_syncram_inst
# Warning : Address pointed at port B is out of bound!
# Time: 385150000  Instance: main_tb.top_inst.main_inst.main_entry_vla4621.altsyncram_component.m_arria10.altera_syncram_inst
# Warning : Address pointed at port B is out of bound!
# Time: 386090000  Instance: main_tb.top_inst.main_inst.main_entry_vla4621.altsyncram_component.m_arria10.altera_syncram_inst
# Warning : Address pointed at port B is out of bound!
# Time: 386090000  Instance: main_tb.top_inst.main_inst.main_entry_vla4621.altsyncram_component.m_arria10.altera_syncram_inst
# Warning : Address pointed at port B is out of bound!
# Time: 388870000  Instance: main_tb.top_inst.main_inst.main_entry_vla4621.altsyncram_component.m_arria10.altera_syncram_inst
# Warning : Address pointed at port B is out of bound!
# Time: 388870000  Instance: main_tb.top_inst.main_inst.main_entry_vla4621.altsyncram_component.m_arria10.altera_syncram_inst
# Warning : Address pointed at port B is out of bound!
# Time: 389810000  Instance: main_tb.top_inst.main_inst.main_entry_vla4621.altsyncram_component.m_arria10.altera_syncram_inst
# Warning : Address pointed at port B is out of bound!
# Time: 389810000  Instance: main_tb.top_inst.main_inst.main_entry_vla4621.altsyncram_component.m_arria10.altera_syncram_inst
# Warning : Address pointed at port B is out of bound!
# Time: 390730000  Instance: main_tb.top_inst.main_inst.main_entry_vla4621.altsyncram_component.m_arria10.altera_syncram_inst
# Warning : Address pointed at port B is out of bound!
# Time: 390730000  Instance: main_tb.top_inst.main_inst.main_entry_vla4621.altsyncram_component.m_arria10.altera_syncram_inst
# Warning : Address pointed at port B is out of bound!
# Time: 391650000  Instance: main_tb.top_inst.main_inst.main_entry_vla4621.altsyncram_component.m_arria10.altera_syncram_inst
# Warning : Address pointed at port B is out of bound!
# Time: 391650000  Instance: main_tb.top_inst.main_inst.main_entry_vla4621.altsyncram_component.m_arria10.altera_syncram_inst
#  -1   5   9  21  19  45  18  29  67 
#  -1  17   4  32   6  51  38  65  66 
#  -1  26  15  35   1  55  59  63  64 
#  -1  -1  27  43  46  50  56  60  61 
#  -1  -1  36  39  48  53  52  57  62 
#  -1  -1  23  30  44  40  47  54  58 
#  -1  -1  11  37  10  31  42  49  34 
#  -1   7  33  41  13  20   8   2  25 
#  -1  12  24  28  16  22   0   3  14 
# 
# Evaluation =          98
# Evaluation 1-hop =          51
# At t=           465090000 clk=1 finish=1 return_val=         1
# Cycles:                23252
# ** Note: $finish    : ../p8.v(9686)
#    Time: 465090 ns  Iteration: 1  Instance: /main_tb
# End time: 16:35:42 on May 08,2020, Elapsed time: 0:00:26
# Errors: 0, Warnings: 0
