16:40:25 **** Incremental Build of configuration LegUp for project qs ****
bash "C:\\LegUp-7.5\\legup\\bin\\legup" sim "LEGUP_TOOL_PATH=C:\\Modeltech_pe_edu_10.4a\\win32pe_edu" 
Model Technology ModelSim PE Student Edition vlog 10.4a Compiler 2015.03 Apr  7 2015
Start time: 16:40:31 on May 08,2020
vlog ../qs.v 
-- Compiling module top
-- Compiling module memory_controller_0
-- Compiling module memory_controller_1
-- Compiling module main
-- Compiling module ram_dual_port
-- Compiling module rom_dual_port
-- Compiling module main_tb

Top level modules:
	main_tb
End time: 16:40:32 on May 08,2020, Elapsed time: 0:00:01
Errors: 0, Warnings: 0
Reading C:/Modeltech_pe_edu_10.4a/tcl/vsim/pref.tcl

# 10.4a

# source sim_library.tcl
# Model Technology ModelSim PE vmap 10.4a Lib Mapping Utility 2015.03 Apr  7 2015
# vmap -modelsim_quiet legup_fp C:\LegUp-7.5\legup/ip/libs/legup_fp/legup_fp 
# Modifying modelsim.ini
#  exit
Reading C:/Modeltech_pe_edu_10.4a/tcl/vsim/pref.tcl

# 10.4a

# //  ModelSim PE Student Edition 10.4a Apr  7 2015 
# //
# //  Copyright 1991-2015 Mentor Graphics Corporation
# //  All Rights Reserved.
# //
# //  THIS WORK CONTAINS TRADE SECRET AND PROPRIETARY INFORMATION
# //  WHICH IS THE PROPERTY OF MENTOR GRAPHICS CORPORATION OR ITS
# //  LICENSORS AND IS SUBJECT TO LICENSE TERMS.
# //  THIS DOCUMENT CONTAINS TRADE SECRETS AND COMMERCIAL OR FINANCIAL
# //  INFORMATION THAT ARE PRIVILEGED, CONFIDENTIAL, AND EXEMPT FROM
# //  DISCLOSURE UNDER THE FREEDOM OF INFORMATION ACT, 5 U.S.C. SECTION 552.
# //  FURTHERMORE, THIS INFORMATION IS PROHIBITED FROM DISCLOSURE UNDER
# //  THE TRADE SECRETS ACT, 18 U.S.C. SECTION 1905.
# //
# // NOT FOR CORPORATE OR PRODUCTION USE.
# // THE ModelSim PE Student Edition IS NOT A SUPPORTED PRODUCT.
# // FOR HIGHER EDUCATION PURPOSES ONLY
# //
# vsim "+nowarn8607" -suppress 8607 -suppress 2249 -suppress 2685 -suppress 2718 -suppress 3017 -suppress 3722 -c -do "set StdArithNoWarnings 1; run 1000000000000000ns; exit;" work.main_tb -L altera_ver -L lpm_ver -L sgate_ver -L altera_lnsim_ver -L altera_mf_ver -L altera_mf -L altera_lnsim -L altfp -L legup_fp -L twentynm -L generic 
# Start time: 16:40:39 on May 08,2020
# Loading work.main_tb
# Loading work.top
# Loading work.main
# Loading lpm_ver.lpm_divide
# Loading lpm_ver.LPM_HINT_EVALUATION
# Loading work.ram_dual_port
# Loading altera_mf_ver.altsyncram
# Loading work.memory_controller_1
# Loading work.rom_dual_port
# Loading altera_mf_ver.ALTERA_MF_MEMORY_INITIALIZATION
# Loading work.memory_controller_0
# Loading altera_mf_ver.altera_syncram_derived
# set StdArithNoWarnings 1
# 1
#  run 1000000000000000ns
# Warning : Address pointed at port B is out of bound!
# Time: 82310000  Instance: main_tb.top_inst.main_inst.main_entry_vla4625.altsyncram_component.m_arria10.altera_syncram_inst
# Warning : Address pointed at port B is out of bound!
# Time: 82310000  Instance: main_tb.top_inst.main_inst.main_entry_vla4625.altsyncram_component.m_arria10.altera_syncram_inst
# Warning : Address pointed at port B is out of bound!
# Time: 84170000  Instance: main_tb.top_inst.main_inst.main_entry_vla4625.altsyncram_component.m_arria10.altera_syncram_inst
# Warning : Address pointed at port B is out of bound!
# Time: 84170000  Instance: main_tb.top_inst.main_inst.main_entry_vla4625.altsyncram_component.m_arria10.altera_syncram_inst
# Warning : Address pointed at port B is out of bound!
# Time: 85110000  Instance: main_tb.top_inst.main_inst.main_entry_vla4625.altsyncram_component.m_arria10.altera_syncram_inst
# Warning : Address pointed at port B is out of bound!
# Time: 85110000  Instance: main_tb.top_inst.main_inst.main_entry_vla4625.altsyncram_component.m_arria10.altera_syncram_inst
# Warning : Address pointed at port B is out of bound!
# Time: 86030000  Instance: main_tb.top_inst.main_inst.main_entry_vla4625.altsyncram_component.m_arria10.altera_syncram_inst
# Warning : Address pointed at port B is out of bound!
# Time: 86030000  Instance: main_tb.top_inst.main_inst.main_entry_vla4625.altsyncram_component.m_arria10.altera_syncram_inst
# Warning : Address pointed at port B is out of bound!
# Time: 88830000  Instance: main_tb.top_inst.main_inst.main_entry_vla4625.altsyncram_component.m_arria10.altera_syncram_inst
# Warning : Address pointed at port B is out of bound!
# Time: 88830000  Instance: main_tb.top_inst.main_inst.main_entry_vla4625.altsyncram_component.m_arria10.altera_syncram_inst
# Warning : Address pointed at port B is out of bound!
# Time: 91890000  Instance: main_tb.top_inst.main_inst.main_entry_vla4625.altsyncram_component.m_arria10.altera_syncram_inst
# Warning : Address pointed at port B is out of bound!
# Time: 91890000  Instance: main_tb.top_inst.main_inst.main_entry_vla4625.altsyncram_component.m_arria10.altera_syncram_inst
# Warning : Address pointed at port B is out of bound!
# Time: 247310000  Instance: main_tb.top_inst.main_inst.main_entry_vla4625.altsyncram_component.m_arria10.altera_syncram_inst
# Warning : Address pointed at port B is out of bound!
# Time: 247310000  Instance: main_tb.top_inst.main_inst.main_entry_vla4625.altsyncram_component.m_arria10.altera_syncram_inst
# Warning : Address pointed at port B is out of bound!
# Time: 251030000  Instance: main_tb.top_inst.main_inst.main_entry_vla4625.altsyncram_component.m_arria10.altera_syncram_inst
# Warning : Address pointed at port B is out of bound!
# Time: 251030000  Instance: main_tb.top_inst.main_inst.main_entry_vla4625.altsyncram_component.m_arria10.altera_syncram_inst
# Warning : Address pointed at port B is out of bound!
# Time: 254750000  Instance: main_tb.top_inst.main_inst.main_entry_vla4625.altsyncram_component.m_arria10.altera_syncram_inst
# Warning : Address pointed at port B is out of bound!
# Time: 254750000  Instance: main_tb.top_inst.main_inst.main_entry_vla4625.altsyncram_component.m_arria10.altera_syncram_inst
# Warning : Address pointed at port B is out of bound!
# Time: 258470000  Instance: main_tb.top_inst.main_inst.main_entry_vla4625.altsyncram_component.m_arria10.altera_syncram_inst
# Warning : Address pointed at port B is out of bound!
# Time: 258470000  Instance: main_tb.top_inst.main_inst.main_entry_vla4625.altsyncram_component.m_arria10.altera_syncram_inst
# Warning : Address pointed at port B is out of bound!
# Time: 259390000  Instance: main_tb.top_inst.main_inst.main_entry_vla4625.altsyncram_component.m_arria10.altera_syncram_inst
# Warning : Address pointed at port B is out of bound!
# Time: 259390000  Instance: main_tb.top_inst.main_inst.main_entry_vla4625.altsyncram_component.m_arria10.altera_syncram_inst
# Warning : Address pointed at port B is out of bound!
# Time: 264330000  Instance: main_tb.top_inst.main_inst.main_entry_vla4625.altsyncram_component.m_arria10.altera_syncram_inst
# Warning : Address pointed at port B is out of bound!
# Time: 264330000  Instance: main_tb.top_inst.main_inst.main_entry_vla4625.altsyncram_component.m_arria10.altera_syncram_inst
# Warning : Address pointed at port B is out of bound!
# Time: 268050000  Instance: main_tb.top_inst.main_inst.main_entry_vla4625.altsyncram_component.m_arria10.altera_syncram_inst
# Warning : Address pointed at port B is out of bound!
# Time: 268050000  Instance: main_tb.top_inst.main_inst.main_entry_vla4625.altsyncram_component.m_arria10.altera_syncram_inst
# Warning : Address pointed at port B is out of bound!
# Time: 268990000  Instance: main_tb.top_inst.main_inst.main_entry_vla4625.altsyncram_component.m_arria10.altera_syncram_inst
# Warning : Address pointed at port B is out of bound!
# Time: 268990000  Instance: main_tb.top_inst.main_inst.main_entry_vla4625.altsyncram_component.m_arria10.altera_syncram_inst
# Warning : Address pointed at port B is out of bound!
# Time: 271770000  Instance: main_tb.top_inst.main_inst.main_entry_vla4625.altsyncram_component.m_arria10.altera_syncram_inst
# Warning : Address pointed at port B is out of bound!
# Time: 271770000  Instance: main_tb.top_inst.main_inst.main_entry_vla4625.altsyncram_component.m_arria10.altera_syncram_inst
# Warning : Address pointed at port B is out of bound!
# Time: 281710000  Instance: main_tb.top_inst.main_inst.main_entry_vla4625.altsyncram_component.m_arria10.altera_syncram_inst
# Warning : Address pointed at port B is out of bound!
# Time: 281710000  Instance: main_tb.top_inst.main_inst.main_entry_vla4625.altsyncram_component.m_arria10.altera_syncram_inst
# Warning : Address pointed at port B is out of bound!
# Time: 282630000  Instance: main_tb.top_inst.main_inst.main_entry_vla4625.altsyncram_component.m_arria10.altera_syncram_inst
# Warning : Address pointed at port B is out of bound!
# Time: 282630000  Instance: main_tb.top_inst.main_inst.main_entry_vla4625.altsyncram_component.m_arria10.altera_syncram_inst
# Warning : Address pointed at port B is out of bound!
# Time: 339350000  Instance: main_tb.top_inst.main_inst.main_entry_vla4625.altsyncram_component.m_arria10.altera_syncram_inst
# Warning : Address pointed at port B is out of bound!
# Time: 339350000  Instance: main_tb.top_inst.main_inst.main_entry_vla4625.altsyncram_component.m_arria10.altera_syncram_inst
# Warning : Address pointed at port B is out of bound!
# Time: 343070000  Instance: main_tb.top_inst.main_inst.main_entry_vla4625.altsyncram_component.m_arria10.altera_syncram_inst
# Warning : Address pointed at port B is out of bound!
# Time: 343070000  Instance: main_tb.top_inst.main_inst.main_entry_vla4625.altsyncram_component.m_arria10.altera_syncram_inst
# Warning : Address pointed at port B is out of bound!
# Time: 344950000  Instance: main_tb.top_inst.main_inst.main_entry_vla4625.altsyncram_component.m_arria10.altera_syncram_inst
# Warning : Address pointed at port B is out of bound!
# Time: 344950000  Instance: main_tb.top_inst.main_inst.main_entry_vla4625.altsyncram_component.m_arria10.altera_syncram_inst
# No solution
# At t=           345050000 clk=1 finish=1 return_val=         0
# Cycles:                17250
# ** Note: $finish    : ../qs.v(9753)
#    Time: 345050 ns  Iteration: 1  Instance: /main_tb
# End time: 16:40:57 on May 08,2020, Elapsed time: 0:00:18
# Errors: 0, Warnings: 0

16:40:59 Build Finished (took 33s.660ms)

